<?xml version="1.0" encoding="utf-8"?><testsuite errors="0" failures="0" name="pytest" skips="0" tests="4" time="0.259"><testcase classname="test_main" file="test_main.py" line="14" name="test_get_temperature_by_lat_lng[62--14.235004--51.92528-16]" time="0.004691123962402344"><system-out>{&apos;currently&apos;: {&apos;temperature&apos;: 62}}
</system-out></testcase><testcase classname="test_main" file="test_main.py" line="14" name="test_get_temperature_by_lat_lng[62.54--14.235004--51.92528-16]" time="0.0020971298217773438"><system-out>{&apos;currently&apos;: {&apos;temperature&apos;: 62.54}}
</system-out></testcase><testcase classname="test_main" file="test_main.py" line="14" name="test_get_temperature_by_lat_lng[5-15.58564--13.85478--15]" time="0.0021033287048339844"><system-out>{&apos;currently&apos;: {&apos;temperature&apos;: 5}}
</system-out></testcase><testcase classname="test_main" file="test_main.py" line="14" name="test_get_temperature_by_lat_lng[-13-22.8523-17.358746--25]" time="0.0026276111602783203"><system-out>{&apos;currently&apos;: {&apos;temperature&apos;: -13}}
</system-out></testcase></testsuite>